[2026-05-29T03:45:20] 가용 채널: ['blogger']
[2026-05-29T03:45:21] 토큰 자동 갱신 — ya29.a0AQvPyIOLxH6gein-Rm7lDir... (expires 3599초)
[2026-05-29T03:45:21]   [en] 풀 payload 실패: HTTP Error 403: Forbidden — 미니멀 재시도
[2026-05-29T03:45:21] 발행 — 2026-05-27_0416_제주_남쪽_하루_대포항_요트와_주상절리_해안_드라이브_topic [en]: []
[2026-05-29T03:45:22]   [zh-CN] 풀 payload 실패: HTTP Error 403: Forbidden — 미니멀 재시도
[2026-05-29T03:45:22] 발행 — 2026-05-27_0416_제주_남쪽_하루_대포항_요트와_주상절리_해안_드라이브_topic [zh-CN]: []
[2026-05-29T03:45:22]   [ja] 풀 payload 실패: HTTP Error 403: Forbidden — 미니멀 재시도
[2026-05-29T03:45:22] 발행 — 2026-05-27_0416_제주_남쪽_하루_대포항_요트와_주상절리_해안_드라이브_topic [ja]: []
[2026-05-29T03:48:16] 토큰 자동 갱신 — ya29.a0AQvPyIPdtH9X-H32EUcu6yL... (expires 3599초)
[2026-05-29T03:48:16] 가용 채널: ['blogger']
[2026-05-29T03:48:16] 토큰 자동 갱신 — ya29.a0AQvPyIMonPeRVP3zSLJeWyB... (expires 3599초)
[2026-05-29T03:48:16]   [en] 풀 payload 실패: HTTP Error 403: Forbidden — 미니멀 재시도
[2026-05-29T03:48:16] 토큰 자동 갱신 — ya29.a0AQvPyIP8mZXli45ig0wJ87S... (expires 3599초)
[2026-05-29T03:48:16] 발행 — 2026-05-28_1415_Gen_Z는_왜_선셋_크루즈를_다르게_예약할까_그랑블루요트의_관찰_topic [en]: []
[2026-05-29T03:48:17] 토큰 자동 갱신 — ya29.a0AQvPyIML-wmZwWYhDa8DAbV... (expires 3599초)
[2026-05-29T03:48:17]   [zh-CN] 풀 payload 실패: HTTP Error 403: Forbidden — 미니멀 재시도
[2026-05-29T03:48:17] 토큰 자동 갱신 — ya29.a0AQvPyIOHGxIbjJ-TKj0zyEW... (expires 3599초)
[2026-05-29T03:48:17] 발행 — 2026-05-28_1415_Gen_Z는_왜_선셋_크루즈를_다르게_예약할까_그랑블루요트의_관찰_topic [zh-CN]: []
[2026-05-29T03:48:17] 토큰 자동 갱신 — ya29.a0AQvPyIMhGLTyiu0m0iligEM... (expires 3599초)
[2026-05-29T03:48:17]   [ja] 풀 payload 실패: HTTP Error 403: Forbidden — 미니멀 재시도
[2026-05-29T03:48:18] 토큰 자동 갱신 — ya29.a0AQvPyIOBxw2_TX6rMPjJQjk... (expires 3599초)
[2026-05-29T03:48:18] 발행 — 2026-05-28_1415_Gen_Z는_왜_선셋_크루즈를_다르게_예약할까_그랑블루요트의_관찰_topic [ja]: []
